<?xml version="1.0" encoding="UTF-8"?>
<!-- Generated by org.testng.reporters.JUnitReportReporter -->
<testsuite hostname="DESKTOP-TGNG2QI" failures="0" tests="3" name="TestNGDemo.ReportOrdering" time="0.065" errors="0" timestamp="2024-08-22T12:23:11 IST" skipped="0">
  <testcase classname="TestNGDemo.ReportOrdering" name="reportoderingSUIAuto" time="0.012"/>
  <system-out/>
  <testcase classname="TestNGDemo.ReportOrdering" name="reportoderingSUIProp" time="0.015"/>
  <system-out/>
  <testcase classname="TestNGDemo.ReportOrdering" name="ploraValidations" time="0.038"/>
  <system-out/>
</testsuite> <!-- TestNGDemo.ReportOrdering -->
