<?xml version="1.0" encoding="UTF-8"?>
<!-- Generated by org.testng.reporters.JUnitReportReporter -->
<testsuite hostname="DESKTOP-TGNG2QI" failures="0" tests="3" name="TestNGDemo.Eqote" time="0.021" errors="0" timestamp="2024-08-22T11:44:00 IST" skipped="0">
  <testcase classname="TestNGDemo.Eqote" name="utilities" time="0.006"/>
  <system-out/>
  <testcase classname="TestNGDemo.Eqote" name="ContentMigration" time="0.005"/>
  <system-out/>
  <testcase classname="TestNGDemo.Eqote" name="adminTool" time="0.010"/>
  <system-out/>
</testsuite> <!-- TestNGDemo.Eqote -->
