<?xml version="1.0" encoding="UTF-8"?>
<!-- Generated by org.testng.reporters.JUnitReportReporter -->
<testsuite hostname="DESKTOP-TGNG2QI" failures="0" tests="6" name="TestNGDemo.QuickQuote" time="0.026" errors="0" timestamp="2024-08-22T11:44:00 IST" skipped="0">
  <testcase classname="TestNGDemo.QuickQuote" name="integratedFlows" time="0.001"/>
  <system-out/>
  <testcase classname="TestNGDemo.QuickQuote" name="cbsAuto" time="0.004"/>
  <system-out/>
  <testcase classname="TestNGDemo.QuickQuote" name="cpsAuto" time="0.008"/>
  <system-out/>
  <testcase classname="TestNGDemo.QuickQuote" name="cpsProp" time="0.004"/>
  <system-out/>
  <testcase classname="TestNGDemo.QuickQuote" name="ecbiRenters" time="0.003"/>
  <system-out/>
  <testcase classname="TestNGDemo.QuickQuote" name="cbsProp" time="0.006"/>
  <system-out/>
</testsuite> <!-- TestNGDemo.QuickQuote -->
