<?xml version="1.0" encoding="UTF-8"?>
<!-- Generated by org.testng.reporters.JUnitReportReporter -->
<testsuite hostname="DESKTOP-TGNG2QI" failures="0" tests="2" name="TestNGDemo" time="0.039" errors="0" timestamp="2024-08-21T12:05:14 IST" skipped="0">
  <testcase classname="TestNGDemo" name="testabc" time="0.015"/>
  <system-out>
    <![CDATA[aBHIJEEET]]>
  </system-out>
  <testcase classname="TestNGDemo" name="testabb" time="0.024"/>
  <system-out/>
</testsuite> <!-- TestNGDemo -->
