<?xml version="1.0" encoding="UTF-8"?>
<!-- Generated by org.testng.reporters.JUnitReportReporter -->
<testsuite hostname="DESKTOP-TGNG2QI" failures="0" tests="1" name="TestNGDemo.Tea" time="0.019" errors="0" timestamp="2024-08-22T11:44:00 IST" skipped="0">
  <testcase classname="TestNGDemo.Tea" name="rateIssueOfAutoQuotes" time="0.019"/>
  <system-out/>
</testsuite> <!-- TestNGDemo.Tea -->
