<?xml version="1.0" encoding="UTF-8"?>
<!-- Generated by org.testng.reporters.JUnitReportReporter -->
<testsuite hostname="DESKTOP-TGNG2QI" failures="0" tests="4" name="TestNGDemo.SUI" time="0.012" errors="0" timestamp="2024-08-22T11:44:00 IST" skipped="0">
  <testcase classname="TestNGDemo.SUI" name="rateOfAutoQuotes" time="0.005"/>
  <system-out/>
  <testcase classname="TestNGDemo.SUI" name="rateOfPropQuotes" time="0.002"/>
  <system-out/>
  <testcase classname="TestNGDemo.SUI" name="IssueOfPropQuotes" time="0.002"/>
  <system-out/>
  <testcase classname="TestNGDemo.SUI" name="IssueOfAutoQuotes" time="0.003"/>
  <system-out/>
</testsuite> <!-- TestNGDemo.SUI -->
