<?xml version="1.0" encoding="UTF-8"?>
<!-- Generated by org.testng.reporters.JUnitReportReporter -->
<testsuite hostname="DESKTOP-TGNG2QI" failures="0" tests="2" name="TestNGDemo.TestNGDemo" time="0.005" errors="0" timestamp="2024-08-22T11:44:00 IST" skipped="0">
  <testcase classname="TestNGDemo.TestNGDemo" name="testabb" time="0.002"/>
  <system-out/>
  <testcase classname="TestNGDemo.TestNGDemo" name="testabc" time="0.003"/>
  <system-out>
    <![CDATA[aBHIJEEET]]>
  </system-out>
</testsuite> <!-- TestNGDemo.TestNGDemo -->
