<?xml version="1.0" encoding="UTF-8"?>
<!-- Generated by org.testng.reporters.JUnitReportReporter -->
<testsuite hostname="DESKTOP-TGNG2QI" failures="0" tests="5" name="TestNGDemo.Gateway" time="0.025" errors="0" timestamp="2024-08-22T11:44:00 IST" skipped="0">
  <testcase classname="TestNGDemo.Gateway" name="isrFlow" time="0.004"/>
  <system-out/>
  <testcase classname="TestNGDemo.Gateway" name="importSUIQuote" time="0.002"/>
  <system-out/>
  <testcase classname="TestNGDemo.Gateway" name="pqsFlow" time="0.008"/>
  <system-out/>
  <testcase classname="TestNGDemo.Gateway" name="importQQQuote" time="0.007"/>
  <system-out/>
  <testcase classname="TestNGDemo.Gateway" name="ezylxImport" time="0.004"/>
  <system-out/>
</testsuite> <!-- TestNGDemo.Gateway -->
